<?xml version="1.0" encoding="UTF-8"?>
<!-- Generated by org.testng.reporters.JUnitXMLReporter -->
<testsuite hostname="Kishus-MacBook-Pro.local" ignored="0" name="Test" tests="5" failures="0" timestamp="06 Feb 2018 12:15:02 GMT" time="63.273" errors="0">
  <testcase name="@BeforeTest setup" time="63.09" classname="com.qwinix.firstautomation.screens.LoginScreen">
    <failure type="org.openqa.selenium.WebDriverException" message="An unknown server-side error occurred while processing the command. Original error: &amp;apos;undefined&amp;apos; is not supported (WARNING: The server did not provide any stacktrace information)
Command duration or timeout: 0 milliseconds
Build info: version: &amp;apos;3.5.3&amp;apos;, revision: &amp;apos;a88d25fe6b&amp;apos;, time: &amp;apos;2017-08-29T12:42:44.417Z&amp;apos;
System info: host: &amp;apos;Kishus-MacBook-Pro.local&amp;apos;, ip: &amp;apos;192.168.2.33&amp;apos;, os.name: &amp;apos;Mac OS X&amp;apos;, os.arch: &amp;apos;x86_64&amp;apos;, os.version: &amp;apos;10.13.1&amp;apos;, java.version: &amp;apos;1.8.0_161&amp;apos;
Driver info: io.appium.java_client.ios.IOSDriver
Capabilities [{app=/Users/KishanRavindra/Automation/AWS Dev_Farm/builds_ipa/DocDock.ipa, networkConnectionEnabled=false, bundleId=com.docdock.ios, databaseEnabled=false, deviceName=iPhone, platform=MAC, platformVersion=11.2, webStorageEnabled=false, locationContextEnabled=false, browserName=, takesScreenshot=true, javascriptEnabled=true, udid=5613fb36482321818bb951f77507878de144feb5, platformName=MAC}]
Session ID: f06f95ac-ca98-47d9-9561-6c58df5d0fb7">
      <![CDATA[org.openqa.selenium.WebDriverException: An unknown server-side error occurred while processing the command. Original error: 'undefined' is not supported (WARNING: The server did not provide any stacktrace information)
Command duration or timeout: 0 milliseconds
Build info: version: '3.5.3', revision: 'a88d25fe6b', time: '2017-08-29T12:42:44.417Z'
System info: host: 'Kishus-MacBook-Pro.local', ip: '192.168.2.33', os.name: 'Mac OS X', os.arch: 'x86_64', os.version: '10.13.1', java.version: '1.8.0_161'
Driver info: io.appium.java_client.ios.IOSDriver
Capabilities [{app=/Users/KishanRavindra/Automation/AWS Dev_Farm/builds_ipa/DocDock.ipa, networkConnectionEnabled=false, bundleId=com.docdock.ios, databaseEnabled=false, deviceName=iPhone, platform=MAC, platformVersion=11.2, webStorageEnabled=false, locationContextEnabled=false, browserName=, takesScreenshot=true, javascriptEnabled=true, udid=5613fb36482321818bb951f77507878de144feb5, platformName=MAC}]
Session ID: f06f95ac-ca98-47d9-9561-6c58df5d0fb7
	at org.openqa.selenium.remote.ErrorHandler.createThrowable(ErrorHandler.java:215)
	at org.openqa.selenium.remote.ErrorHandler.throwIfResponseFailed(ErrorHandler.java:167)
	at org.openqa.selenium.remote.http.JsonHttpResponseCodec.reconstructValue(JsonHttpResponseCodec.java:40)
	at org.openqa.selenium.remote.http.AbstractHttpResponseCodec.decode(AbstractHttpResponseCodec.java:82)
	at org.openqa.selenium.remote.http.AbstractHttpResponseCodec.decode(AbstractHttpResponseCodec.java:45)
	at org.openqa.selenium.remote.HttpCommandExecutor.execute(HttpCommandExecutor.java:164)
	at io.appium.java_client.remote.AppiumCommandExecutor.execute(AppiumCommandExecutor.java:89)
	at org.openqa.selenium.remote.RemoteWebDriver.execute(RemoteWebDriver.java:646)
	at io.appium.java_client.DefaultGenericMobileDriver.execute(DefaultGenericMobileDriver.java:42)
	at io.appium.java_client.AppiumDriver.execute(AppiumDriver.java:1)
	at io.appium.java_client.ios.IOSDriver.execute(IOSDriver.java:1)
	at org.openqa.selenium.remote.RemoteWebDriver$RemoteWebDriverOptions$RemoteTimeouts.implicitlyWait(RemoteWebDriver.java:877)
	at com.qwinix.firstautomation.screens.LoginScreen.setup(LoginScreen.java:37)
... Removed 27 stack frames]]>
    </failure>
  </testcase> <!-- @BeforeTest setup -->
  <testcase name="@AfterTest teardown" time="0.0" classname="com.qwinix.firstautomation.screens.LoginScreen">
    <skipped/>
  </testcase> <!-- @AfterTest teardown -->
  <testcase name="loginWithInvalidCredentials" time="0.0" classname="com.qwinix.firstautomation.screens.LoginScreen">
    <skipped/>
  </testcase> <!-- loginWithInvalidCredentials -->
  <testcase name="loginWithInvalidEmail" time="0.0" classname="com.qwinix.firstautomation.screens.LoginScreen">
    <skipped/>
  </testcase> <!-- loginWithInvalidEmail -->
  <testcase name="loginWithValidCredentialsAndInvalidPin" time="0.0" classname="com.qwinix.firstautomation.screens.LoginScreen">
    <skipped/>
  </testcase> <!-- loginWithValidCredentialsAndInvalidPin -->
  <testcase name="loginWithValidCredentialsAndPin" time="0.0" classname="com.qwinix.firstautomation.screens.LoginScreen">
    <skipped/>
  </testcase> <!-- loginWithValidCredentialsAndPin -->
  <testcase name="testForgotAction" time="0.0" classname="com.qwinix.firstautomation.screens.LoginScreen">
    <skipped/>
  </testcase> <!-- testForgotAction -->
</testsuite> <!-- Test -->
